0 info it worked if it ends with ok
1 verbose cli [ '/Users/karolis/.nvm/versions/node/v7.7.1/bin/node',
1 verbose cli   '/Users/karolis/.nvm/versions/node/v7.7.1/bin/npm',
1 verbose cli   'publish' ]
2 info using npm@4.1.2
3 info using node@v7.7.1
4 verbose publish [ '.' ]
5 silly cache add args [ '.', null ]
6 verbose cache add spec .
7 silly cache add parsed spec Result {
7 silly cache add   raw: '.',
7 silly cache add   scope: null,
7 silly cache add   escapedName: null,
7 silly cache add   name: null,
7 silly cache add   rawSpec: '.',
7 silly cache add   spec: '/Users/karolis/Documents/projects/tiny-router',
7 silly cache add   type: 'directory' }
8 verbose addLocalDirectory /Users/karolis/.npm/tiny-router/0.1.0/package.tgz not in flight; packing
9 verbose correctMkdir /Users/karolis/.npm correctMkdir not in flight; initializing
10 info lifecycle tiny-router@0.1.0~prepublish: tiny-router@0.1.0
11 silly lifecycle tiny-router@0.1.0~prepublish: no script for prepublish, continuing
12 info lifecycle tiny-router@0.1.0~prepare: tiny-router@0.1.0
13 silly lifecycle tiny-router@0.1.0~prepare: no script for prepare, continuing
14 verbose tar pack [ '/Users/karolis/.npm/tiny-router/0.1.0/package.tgz',
14 verbose tar pack   '/Users/karolis/Documents/projects/tiny-router' ]
15 verbose tarball /Users/karolis/.npm/tiny-router/0.1.0/package.tgz
16 verbose folder /Users/karolis/Documents/projects/tiny-router
17 verbose addLocalTarball adding from inside cache /Users/karolis/.npm/tiny-router/0.1.0/package.tgz
18 verbose correctMkdir /Users/karolis/.npm correctMkdir not in flight; initializing
19 silly cache afterAdd tiny-router@0.1.0
20 verbose afterAdd /Users/karolis/.npm/tiny-router/0.1.0/package/package.json not in flight; writing
21 verbose correctMkdir /Users/karolis/.npm correctMkdir not in flight; initializing
22 verbose afterAdd /Users/karolis/.npm/tiny-router/0.1.0/package/package.json written
23 silly publish { name: 'tiny-router',
23 silly publish   version: '0.1.0',
23 silly publish   main: 'index.js',
23 silly publish   license: 'MIT',
23 silly publish   repository:
23 silly publish    { type: 'git',
23 silly publish      url: 'git://github.com/KidkArolis/tiny-router.git' },
23 silly publish   keywords:
23 silly publish    [ 'browser',
23 silly publish      'router',
23 silly publish      'small',
23 silly publish      'clientside',
23 silly publish      'universal',
23 silly publish      'history',
23 silly publish      'location',
23 silly publish      'url' ],
23 silly publish   author: { name: 'Karolis Narkevicius' },
23 silly publish   scripts: { test: 'standard && nyc mocha' },
23 silly publish   devDependencies:
23 silly publish    { '@briancavalier/assert': '^3.4.0',
23 silly publish      mocha: '^3.2.0',
23 silly publish      np: '^2.12.0',
23 silly publish      nyc: '^10.1.2',
23 silly publish      standard: '^9.0.1' },
23 silly publish   standard: { global: [ 'suite', 'test' ] },
23 silly publish   dependencies: {},
23 silly publish   readme: '# tiny-router\n\nMinimal, yet awesome, batteries included universal router.\n\nTiny router packs all the features you need to always keep your app in sync with the url. It\'s different from most other routers in that there is only a **single callback**. Use this callback to rerender your app or update your store on each url change.\n\nTiny router:\n\n- listens to url changes\n- supports popstate and hashchange\n- intercepts link clicks to pushState or update hash\n- extracts url parameters and parses query strings\n- supports nested routes\n- should fit a very wide range of application architectures and frameworks\n- has no dependencies\n\n## Usage\n\n        yarn add tiny-router\n\n## Example\n\nExample demonstrating most of the API.\n\n```js\nconst createRouter = require(\'tiny-router\')\n\nconst router = createRouter(\n  [\'\', () => \'app\', [\n    [\'/\', () => \'index\'],\n    [\'/channels\', () => \'channels\', [\n      [\'/channels/:id\', (params) => \'channel \' + params.id]\n    ]],\n    [\'/video/:id\', (params) => \'video \' + params.id],\n    [\'*\', () => \'not found\']\n  ]]\n).start(onTransition)\n\nfunction onTransition (route) {\n  let { params, data } = route\n  // just logging instead of rendering to keep the example simple\n  console.log(\'Matched\', \'[\' + data.map(fn => fn(params)).join(\', \') + \']\')\n}\n\nrouter.push(\'/channels\')\n// -> Matched [all, channels]\nrouter.push(\'/channels/5\')\n// -> Matched [all, channels, channel 5]\nrouter.push(\'/channels/6\', { replace: true })\n// -> Matched [all, channels, channel 6], replaces current url, back button goes to /channels\nrouter.push(\'/video/5\', { query: { t: \'30s\' } })\n// -> Matched [all, channels, video 5], adds a query string to the url /video/5?t=30s\n\nrouter.current()\n// -> returns { pattern, params, path, pathname, query, hash, data }\n\nrouter.data(\'/channels/:id\')\n// -> [() => \'all\', (params) => \'channel \' + params.id]\nrouter.data({ pattern: \'/channels/:id\' })\n// -> [() => \'all\', (params) => \'channel \' + params.id]\n\nrouter.href(\'/video/5\', { query: { t: \'25s\' } })\n// -> \'/video/5?t=25s\' in history mode or /#/video/5?t=25s in hash mode\n```\n\nExample usage with `preact`.\n\n```js\n\n```\n\nYou can use [jetpack](https://github.com/KidkArolis/jetpack) to try these examples out. Clone the repo and run `jetpack tiny-router/examples/preact`.\n\n## API\n\n### `createRouter(routes, options)`\n\n* `routes` an array of arrays of route definitions, e.g. [\'/:pattern\', Component] or [\'/:pattern\', Component, [...children...]]\n* `options` object of shape { mode, root, interceptLinks, qs }\n\n### `start(onTransition)`\n\nStart the routing, will immediately call `onTransition` based on the current URL.\n\n### `stop()`\n\nStop the routing, remove DOM `click` and `popstate` listeners.\n\n### `push(url, options)`\n\nNavigate to a url. Will call `onTransition`.\n\n* `options` object of shape { replace, query }\n\n### `data(pattern|route)`\n\nExchange a route pattern or route object of shape { pattern } to the array of data associated with this route.\n\n### `href(url, options)`\n\nGenerate a url. Useful if you want to append query string or if you\'re using mixed history/hash mode and you don\'t know which one is in play. Href will prepend urls with \'#\' when in hash mode.\n\n* `options` object of shape { query }\n\n## Advanced features\n\nHere are some tips on how to achieve certain more advanced use cases if they\'re relevant for you app.\n\n### Rerendering directly in onChange\n\n### Rerendering via store and router.data()\n\n### Nesting components\n\n### Abstract routes\n\n### Using next() to add async behaviour or cancel routing\n\n### Using pushState with fallback to hash\n\n### Using custom query string parser\n\n### Using custom scroll behaviour\n\n### Using custom link interception\n',
23 silly publish   readmeFilename: 'README.md',
23 silly publish   gitHead: '85beeab5c1f26e22dc80e4038f3349d89513010f',
23 silly publish   description: 'Minimal, yet awesome, batteries included universal router.',
23 silly publish   bugs: { url: 'https://github.com/KidkArolis/tiny-router/issues' },
23 silly publish   homepage: 'https://github.com/KidkArolis/tiny-router#readme',
23 silly publish   _id: 'tiny-router@0.1.0',
23 silly publish   _shasum: '4e30ea5e9f0c03747322eece230c7978d1655187',
23 silly publish   _from: '.' }
24 info lifecycle tiny-router@0.1.0~prepublishOnly: tiny-router@0.1.0
25 silly lifecycle tiny-router@0.1.0~prepublishOnly: no script for prepublishOnly, continuing
26 verbose getPublishConfig undefined
27 silly mapToRegistry name tiny-router
28 silly mapToRegistry using default registry
29 silly mapToRegistry registry https://registry.npmjs.org/
30 silly mapToRegistry data Result {
30 silly mapToRegistry   raw: 'tiny-router',
30 silly mapToRegistry   scope: null,
30 silly mapToRegistry   escapedName: 'tiny-router',
30 silly mapToRegistry   name: 'tiny-router',
30 silly mapToRegistry   rawSpec: '',
30 silly mapToRegistry   spec: 'latest',
30 silly mapToRegistry   type: 'tag' }
31 silly mapToRegistry uri https://registry.npmjs.org/tiny-router
32 verbose publish registryBase https://registry.npmjs.org/
33 silly publish uploading /Users/karolis/.npm/tiny-router/0.1.0/package.tgz
34 verbose request uri https://registry.npmjs.org/tiny-router
35 verbose request sending authorization for write operation
36 info attempt registry request try #1 at 11:10:21 PM
37 verbose request using bearer token for auth
38 verbose request id d822bdb0ac5ea68d
39 http request PUT https://registry.npmjs.org/tiny-router
40 http 403 https://registry.npmjs.org/tiny-router
41 verbose headers { 'content-type': 'application/json',
41 verbose headers   'cache-control': 'max-age=300',
41 verbose headers   'content-length': '105',
41 verbose headers   'accept-ranges': 'bytes',
41 verbose headers   date: 'Mon, 13 Mar 2017 23:10:22 GMT',
41 verbose headers   via: '1.1 varnish',
41 verbose headers   connection: 'keep-alive',
41 verbose headers   'x-served-by': 'cache-lhr6326-LHR',
41 verbose headers   'x-cache': 'MISS',
41 verbose headers   'x-cache-hits': '0',
41 verbose headers   'x-timer': 'S1489446621.499733,VS0,VE723',
41 verbose headers   vary: 'Accept-Encoding' }
42 verbose request invalidating /Users/karolis/.npm/registry.npmjs.org/tiny-router on PUT
43 error publish Failed PUT 403
44 verbose stack Error: you do not have permission to publish "tiny-router". Are you logged in as the correct user? : tiny-router
44 verbose stack     at makeError (/Users/karolis/.nvm/versions/node/v7.7.1/lib/node_modules/npm/node_modules/npm-registry-client/lib/request.js:304:12)
44 verbose stack     at CachingRegistryClient.<anonymous> (/Users/karolis/.nvm/versions/node/v7.7.1/lib/node_modules/npm/node_modules/npm-registry-client/lib/request.js:292:14)
44 verbose stack     at Request._callback (/Users/karolis/.nvm/versions/node/v7.7.1/lib/node_modules/npm/node_modules/npm-registry-client/lib/request.js:212:14)
44 verbose stack     at Request.self.callback (/Users/karolis/.nvm/versions/node/v7.7.1/lib/node_modules/npm/node_modules/request/request.js:186:22)
44 verbose stack     at emitTwo (events.js:106:13)
44 verbose stack     at Request.emit (events.js:194:7)
44 verbose stack     at Request.<anonymous> (/Users/karolis/.nvm/versions/node/v7.7.1/lib/node_modules/npm/node_modules/request/request.js:1081:10)
44 verbose stack     at emitOne (events.js:96:13)
44 verbose stack     at Request.emit (events.js:191:7)
44 verbose stack     at IncomingMessage.<anonymous> (/Users/karolis/.nvm/versions/node/v7.7.1/lib/node_modules/npm/node_modules/request/request.js:1001:12)
45 verbose statusCode 403
46 verbose pkgid tiny-router
47 verbose cwd /Users/karolis/Documents/projects/tiny-router
48 error Darwin 16.4.0
49 error argv "/Users/karolis/.nvm/versions/node/v7.7.1/bin/node" "/Users/karolis/.nvm/versions/node/v7.7.1/bin/npm" "publish"
50 error node v7.7.1
51 error npm  v4.1.2
52 error code E403
53 error you do not have permission to publish "tiny-router". Are you logged in as the correct user? : tiny-router
54 error If you need help, you may report this error at:
54 error     <https://github.com/npm/npm/issues>
55 verbose exit [ 1, true ]
